2026-03-28T14:33:42.676+0800 [DEBUG] [org.gradle.launcher.daemon.bootstrap.DaemonMain] Assuming the daemon was started with following jvm opts: [-XX:MaxMetaspaceSize=384m, -XX:+HeapDumpOnOutOfMemoryError, -Xms256m, -Xmx512m, -Dfile.encoding=UTF-8, -Duser.country, -Duser.language=en, -Duser.variant]
2026-03-28T14:33:42.739+0800 [DEBUG] [org.gradle.internal.remote.internal.inet.InetAddresses] Adding IP addresses for network interface eth0
2026-03-28T14:33:42.739+0800 [DEBUG] [org.gradle.internal.remote.internal.inet.InetAddresses] Is this a loopback interface? false
2026-03-28T14:33:42.739+0800 [DEBUG] [org.gradle.internal.remote.internal.inet.InetAddresses] Adding remote address /fe80:0:0:0:53c3:bd9:a0d5:169d%eth0
2026-03-28T14:33:42.739+0800 [DEBUG] [org.gradle.internal.remote.internal.inet.InetAddresses] Adding remote address /192.168.1.101
2026-03-28T14:33:42.740+0800 [DEBUG] [org.gradle.internal.remote.internal.inet.InetAddresses] Adding IP addresses for network interface lo
2026-03-28T14:33:42.740+0800 [DEBUG] [org.gradle.internal.remote.internal.inet.InetAddresses] Is this a loopback interface? true
2026-03-28T14:33:42.740+0800 [DEBUG] [org.gradle.internal.remote.internal.inet.InetAddresses] Adding loopback address /0:0:0:0:0:0:0:1%lo
2026-03-28T14:33:42.740+0800 [DEBUG] [org.gradle.internal.remote.internal.inet.InetAddresses] Ignoring remote address on loopback interface /10.255.255.254
2026-03-28T14:33:42.740+0800 [DEBUG] [org.gradle.internal.remote.internal.inet.InetAddresses] Adding loopback address /127.0.0.1
2026-03-28T14:33:42.758+0800 [INFO] [org.gradle.launcher.daemon.server.Daemon] start() called on daemon - DefaultDaemonContext[uid=1dc73da2-f560-4b01-a5e8-4e479bbc5cd1,javaHome=/usr/lib/jvm/java-21-openjdk-amd64,javaVersion=21,javaVendor=Ubuntu,daemonRegistryDir=/home/klq/Final/.gradle-local/daemon,pid=12848,idleTimeout=120000,priority=NORMAL,applyInstrumentationAgent=true,nativeServicesMode=ENABLED,daemonOpts=-XX:MaxMetaspaceSize=384m,-XX:+HeapDumpOnOutOfMemoryError,-Xms256m,-Xmx512m,-Dfile.encoding=UTF-8,-Duser.country,-Duser.language=en,-Duser.variant]
2026-03-28T14:33:42.772+0800 [DEBUG] [org.gradle.internal.remote.internal.inet.TcpIncomingConnector] Listening on [058d7570-9c9d-4bbd-8b97-7bce3f3bf041 port:39838, addresses:[localhost/127.0.0.1]].
2026-03-28T14:33:42.779+0800 [DEBUG] [org.gradle.launcher.daemon.server.Daemon] Daemon starting at: Sat Mar 28 14:33:42 CST 2026, with address: [058d7570-9c9d-4bbd-8b97-7bce3f3bf041 port:39838, addresses:[localhost/127.0.0.1]]
2026-03-28T14:33:42.780+0800 [INFO] [org.gradle.launcher.daemon.server.DaemonRegistryUpdater] Advertising the daemon address to the clients: [058d7570-9c9d-4bbd-8b97-7bce3f3bf041 port:39838, addresses:[localhost/127.0.0.1]]
2026-03-28T14:33:42.780+0800 [DEBUG] [org.gradle.launcher.daemon.server.DaemonRegistryUpdater] Advertised daemon context: DefaultDaemonContext[uid=1dc73da2-f560-4b01-a5e8-4e479bbc5cd1,javaHome=/usr/lib/jvm/java-21-openjdk-amd64,javaVersion=21,javaVendor=Ubuntu,daemonRegistryDir=/home/klq/Final/.gradle-local/daemon,pid=12848,idleTimeout=120000,priority=NORMAL,applyInstrumentationAgent=true,nativeServicesMode=ENABLED,daemonOpts=-XX:MaxMetaspaceSize=384m,-XX:+HeapDumpOnOutOfMemoryError,-Xms256m,-Xmx512m,-Dfile.encoding=UTF-8,-Duser.country,-Duser.language=en,-Duser.variant]
2026-03-28T14:33:42.780+0800 [DEBUG] [org.gradle.launcher.daemon.registry.PersistentDaemonRegistry] Storing daemon address: [058d7570-9c9d-4bbd-8b97-7bce3f3bf041 port:39838, addresses:[localhost/127.0.0.1]], context: DefaultDaemonContext[uid=1dc73da2-f560-4b01-a5e8-4e479bbc5cd1,javaHome=/usr/lib/jvm/java-21-openjdk-amd64,javaVersion=21,javaVendor=Ubuntu,daemonRegistryDir=/home/klq/Final/.gradle-local/daemon,pid=12848,idleTimeout=120000,priority=NORMAL,applyInstrumentationAgent=true,nativeServicesMode=ENABLED,daemonOpts=-XX:MaxMetaspaceSize=384m,-XX:+HeapDumpOnOutOfMemoryError,-Xms256m,-Xmx512m,-Dfile.encoding=UTF-8,-Duser.country,-Duser.language=en,-Duser.variant]
2026-03-28T14:33:42.785+0800 [DEBUG] [org.gradle.cache.internal.DefaultFileLockManager] Waiting to acquire exclusive lock on daemon addresses registry.
2026-03-28T14:33:42.787+0800 [DEBUG] [org.gradle.cache.internal.DefaultFileLockManager] Lock acquired on daemon addresses registry.
2026-03-28T14:33:42.787+0800 [DEBUG] [org.gradle.cache.internal.DefaultFileLockManager] Releasing lock on daemon addresses registry.
2026-03-28T14:33:42.788+0800 [DEBUG] [org.gradle.cache.internal.DefaultFileLockManager] Waiting to acquire exclusive lock on daemon addresses registry.
2026-03-28T14:33:42.788+0800 [DEBUG] [org.gradle.cache.internal.DefaultFileLockManager] Lock acquired on daemon addresses registry.
2026-03-28T14:33:42.790+0800 [DEBUG] [org.gradle.cache.internal.DefaultFileLockManager] Releasing lock on daemon addresses registry.
2026-03-28T14:33:42.790+0800 [LIFECYCLE] [org.gradle.launcher.daemon.server.Daemon] Daemon server started.
2026-03-28T14:33:42.790+0800 [DEBUG] [org.gradle.launcher.daemon.bootstrap.DaemonStartupCommunication] Completed writing the daemon greeting. Closing streams...
2026-03-28T14:33:42.795+0800 [DEBUG] [org.gradle.launcher.daemon.server.Daemon] stopOnExpiration() called on daemon
2026-03-28T14:33:42.796+0800 [DEBUG] [org.gradle.launcher.daemon.server.Daemon] awaitExpiration() called on daemon
2026-03-28T14:33:42.797+0800 [DEBUG] [org.gradle.launcher.daemon.server.DaemonStateCoordinator] daemon is running. Sleeping until state changes.
2026-03-28T14:33:42.799+0800 [DEBUG] [org.gradle.internal.remote.internal.inet.TcpIncomingConnector] Accepted connection from /127.0.0.1:40115 to /127.0.0.1:39838.
2026-03-28T14:33:42.817+0800 [DEBUG] [org.gradle.launcher.daemon.server.SynchronizedDispatchConnection] thread 32: received class org.gradle.launcher.daemon.protocol.Build
2026-03-28T14:33:42.817+0800 [DEBUG] [org.gradle.launcher.daemon.server.DefaultDaemonConnection] thread 32: Received non-IO message from client: Build{id=16c1208b-ec4a-428b-8ecb-6029c658fcf5, currentDir=/home/klq/Final/opentcs-master}
2026-03-28T14:33:42.817+0800 [INFO] [org.gradle.launcher.daemon.server.DefaultIncomingConnectionHandler] Received command: Build{id=16c1208b-ec4a-428b-8ecb-6029c658fcf5, currentDir=/home/klq/Final/opentcs-master}.
2026-03-28T14:33:42.817+0800 [DEBUG] [org.gradle.launcher.daemon.server.DefaultIncomingConnectionHandler] Starting executing command: Build{id=16c1208b-ec4a-428b-8ecb-6029c658fcf5, currentDir=/home/klq/Final/opentcs-master} with connection: socket connection from /127.0.0.1:39838 to /127.0.0.1:40115.
2026-03-28T14:33:42.819+0800 [DEBUG] [org.gradle.launcher.daemon.server.DaemonStateCoordinator] Command execution: started DaemonCommandExecution[command = Build{id=16c1208b-ec4a-428b-8ecb-6029c658fcf5, currentDir=/home/klq/Final/opentcs-master}, connection = DefaultDaemonConnection: socket connection from /127.0.0.1:39838 to /127.0.0.1:40115] after 8.166666666666667E-4 minutes of idle
2026-03-28T14:33:42.819+0800 [INFO] [org.gradle.launcher.daemon.server.DaemonRegistryUpdater] Marking the daemon as busy, address: [058d7570-9c9d-4bbd-8b97-7bce3f3bf041 port:39838, addresses:[localhost/127.0.0.1]]
2026-03-28T14:33:42.819+0800 [DEBUG] [org.gradle.launcher.daemon.registry.PersistentDaemonRegistry] Marking busy by address: [058d7570-9c9d-4bbd-8b97-7bce3f3bf041 port:39838, addresses:[localhost/127.0.0.1]]
2026-03-28T14:33:42.820+0800 [DEBUG] [org.gradle.cache.internal.DefaultFileLockManager] Waiting to acquire exclusive lock on daemon addresses registry.
2026-03-28T14:33:42.820+0800 [DEBUG] [org.gradle.cache.internal.DefaultFileLockManager] Lock acquired on daemon addresses registry.
2026-03-28T14:33:42.820+0800 [DEBUG] [org.gradle.cache.internal.DefaultFileLockManager] Releasing lock on daemon addresses registry.
2026-03-28T14:33:42.821+0800 [DEBUG] [org.gradle.launcher.daemon.server.DaemonStateCoordinator] resetting idle timer
2026-03-28T14:33:42.821+0800 [DEBUG] [org.gradle.launcher.daemon.server.DaemonStateCoordinator] daemon is running. Sleeping until state changes.
2026-03-28T14:33:42.821+0800 [INFO] [org.gradle.launcher.daemon.server.exec.StartBuildOrRespondWithBusy] Daemon is about to start building Build{id=16c1208b-ec4a-428b-8ecb-6029c658fcf5, currentDir=/home/klq/Final/opentcs-master}. Dispatching build started information...
2026-03-28T14:33:42.821+0800 [DEBUG] [org.gradle.launcher.daemon.server.SynchronizedDispatchConnection] thread 34: dispatching org.gradle.launcher.daemon.protocol.BuildStarted@5ee96074
2026-03-28T14:33:42.822+0800 [DEBUG] [org.gradle.launcher.daemon.server.exec.EstablishBuildEnvironment] Configuring env variables: [PATH, NO_PROXY, https_proxy, XDG_DATA_DIRS, CURSOR_SANDBOX, GZ_RENDERING_BACKEND, WSL2_GUI_APPS_ENABLED, GOCACHE, CURSOR_AGENT, HOMEBREW_CACHE, LD_LIBRARY_PATH, LOGNAME, PWD, VSCODE_NLS_CONFIG, PYTHONPATH, SHELL, LESSOPEN, WSL_INTEROP, PNPM_STORE_PATH, HOSTTYPE, PUPPETEER_CACHE_DIR, OLDPWD, YARN_CACHE_FOLDER, NAME, NX_CACHE_DIRECTORY, CARGO_TARGET_DIR, GOMODCACHE, PIP_CACHE_DIR, BUNDLE_PATH, ROS_LOCALHOST_ONLY, LS_COLORS, MESA_D3D12_DEFAULT_ADAPTER_NAME, SHLVL, BUN_INSTALL_CACHE_DIR, CONDA_PKGS_DIRS, CURSOR_SANDBOX_LANDLOCK_STATUS, LESSCLOSE, VSCODE_HANDLES_SIGPIPE, FORCE_COLOR, ROS_VERSION, AMENT_PREFIX_PATH, VSCODE_L10N_BUNDLE_LOCATION, VSCODE_HANDLES_UNCAUGHT_ERRORS, OVSX_REGISTRY_URL, ROS_DISTRO, CCACHE_DIR, TERM, HTTP_PROXY, LANG, COMPOSER_HOME, UV_CACHE_DIR, DISPLAY, ELECTRON_RUN_AS_NODE, GRADLE_USER_HOME, ROS_PYTHON_VERSION, _ZO_DOCTOR, WAYLAND_DISPLAY, CYPRESS_CACHE_FOLDER, HTTPS_PROXY, VSCODE_IPC_HOOK_CLI, NO_COLOR, GEM_SPEC_CACHE, PLAYWRIGHT_BROWSERS_PATH, _, POETRY_CACHE_DIR, no_proxy, http_proxy, NPM_CONFIG_CACHE, VSCODE_CWD, WSL_DISTRO_NAME, VSCODE_ESM_ENTRYPOINT, CI, TURBO_CACHE_DIR, npm_config_devdir, USER, CP_HOME_DIR, PULSE_SERVER, WSLENV, EVERYSPHERE_RIPGREP_PATH, XDG_RUNTIME_DIR, HOME, NUGET_PACKAGES]
2026-03-28T14:33:42.825+0800 [DEBUG] [org.gradle.launcher.daemon.server.exec.LogToClient] About to start relaying all logs to the client via the connection.
2026-03-28T14:33:42.825+0800 [INFO] [org.gradle.launcher.daemon.server.exec.LogToClient] The client will now receive all logging from the daemon (pid: 12848). The daemon log file: /home/klq/Final/.gradle-local/daemon/8.14.4/daemon-12848.out.log
2026-03-28T14:33:42.826+0800 [DEBUG] [org.gradle.launcher.daemon.server.exec.RequestStopIfSingleUsedDaemon] Requesting daemon stop after processing Build{id=16c1208b-ec4a-428b-8ecb-6029c658fcf5, currentDir=/home/klq/Final/opentcs-master}
2026-03-28T14:33:42.826+0800 [LIFECYCLE] [org.gradle.launcher.daemon.server.DaemonStateCoordinator] Daemon will be stopped at the end of the build 
2026-03-28T14:33:42.826+0800 [DEBUG] [org.gradle.launcher.daemon.server.DaemonStateCoordinator] Stop as soon as idle requested. The daemon is busy
2026-03-28T14:33:42.827+0800 [DEBUG] [org.gradle.launcher.daemon.server.DaemonStateCoordinator] daemon stop has been requested. Sleeping until state changes.
2026-03-28T14:33:42.827+0800 [DEBUG] [org.gradle.launcher.daemon.server.exec.ExecuteBuild] The daemon has started executing the build.
2026-03-28T14:33:42.827+0800 [DEBUG] [org.gradle.launcher.daemon.server.exec.ExecuteBuild] Executing build with daemon context: DefaultDaemonContext[uid=1dc73da2-f560-4b01-a5e8-4e479bbc5cd1,javaHome=/usr/lib/jvm/java-21-openjdk-amd64,javaVersion=21,javaVendor=Ubuntu,daemonRegistryDir=/home/klq/Final/.gradle-local/daemon,pid=12848,idleTimeout=120000,priority=NORMAL,applyInstrumentationAgent=true,nativeServicesMode=ENABLED,daemonOpts=-XX:MaxMetaspaceSize=384m,-XX:+HeapDumpOnOutOfMemoryError,-Xms256m,-Xmx512m,-Dfile.encoding=UTF-8,-Duser.country,-Duser.language=en,-Duser.variant]

[Incubating] Problems report is available at: file:///home/klq/Final/opentcs-master/build/reports/problems/problems-report.html

Deprecated Gradle features were used in this build, making it incompatible with Gradle 9.0.

You can use '--warning-mode all' to show the individual deprecation warnings and determine if they come from your own scripts or plugins.

For more on this, please refer to https://docs.gradle.org/8.14.4/userguide/command_line_interface.html#sec:command_line_warnings in the Gradle documentation.

BUILD SUCCESSFUL in 4m 12s
42 actionable tasks: 5 executed, 37 up-to-date
2026-03-28T14:37:48.475+0800 [DEBUG] [org.gradle.launcher.daemon.server.exec.ExecuteBuild] The daemon has finished executing the build.
2026-03-28T14:37:48.477+0800 [DEBUG] [org.gradle.launcher.daemon.server.DaemonStateCoordinator] daemon stop has been requested. Sleeping until state changes.
2026-03-28T14:37:48.477+0800 [DEBUG] [org.gradle.launcher.daemon.server.DaemonStateCoordinator] Command execution: finished waiting for DaemonCommandExecution[command = Build{id=16c1208b-ec4a-428b-8ecb-6029c658fcf5, currentDir=/home/klq/Final/opentcs-master}, connection = DefaultDaemonConnection: socket connection from /127.0.0.1:39838 to /127.0.0.1:40115]. Result org.gradle.launcher.daemon.server.DaemonStateCoordinator@1c9a0d1a with state StopRequested
2026-03-28T14:37:48.478+0800 [DEBUG] [org.gradle.launcher.daemon.server.DaemonStateCoordinator] Command execution: completed DaemonCommandExecution[command = Build{id=16c1208b-ec4a-428b-8ecb-6029c658fcf5, currentDir=/home/klq/Final/opentcs-master}, connection = DefaultDaemonConnection: socket connection from /127.0.0.1:39838 to /127.0.0.1:40115]
2026-03-28T14:37:48.478+0800 [DEBUG] [org.gradle.launcher.daemon.server.DaemonStateCoordinator] resetting idle timer
2026-03-28T14:37:48.478+0800 [DEBUG] [org.gradle.launcher.daemon.server.DaemonStateCoordinator] Marking daemon stopped due to command completed and stop requested. The daemon is not running a build
2026-03-28T14:37:48.478+0800 [DEBUG] [org.gradle.launcher.daemon.server.DaemonStateCoordinator] daemon has stopped.
2026-03-28T14:37:48.478+0800 [DEBUG] [org.gradle.launcher.daemon.server.exec.ReturnResult] Daemon is dispatching the build result: Success[value=org.gradle.launcher.exec.BuildActionResult@5075b491]
2026-03-28T14:37:48.478+0800 [DEBUG] [org.gradle.launcher.daemon.server.SynchronizedDispatchConnection] thread 31: dispatching Success[value=org.gradle.launcher.exec.BuildActionResult@5075b491]
2026-03-28T14:37:48.479+0800 [DEBUG] [org.gradle.launcher.daemon.server.Daemon] stop() called on daemon
2026-03-28T14:37:48.479+0800 [INFO] [org.gradle.launcher.daemon.server.Daemon] Stop requested. Daemon is removing its presence from the registry...
2026-03-28T14:37:48.479+0800 [DEBUG] [org.gradle.launcher.daemon.server.DaemonRegistryUpdater] Removing our presence to clients, eg. removing this address from the registry: [058d7570-9c9d-4bbd-8b97-7bce3f3bf041 port:39838, addresses:[localhost/127.0.0.1]]
2026-03-28T14:37:48.479+0800 [DEBUG] [org.gradle.launcher.daemon.registry.PersistentDaemonRegistry] Removing daemon address: [058d7570-9c9d-4bbd-8b97-7bce3f3bf041 port:39838, addresses:[localhost/127.0.0.1]]
2026-03-28T14:37:48.479+0800 [DEBUG] [org.gradle.launcher.daemon.server.exec.CleanUpVirtualFileSystemAfterBuild] Cleaning virtual file system after build finished
2026-03-28T14:37:48.480+0800 [DEBUG] [org.gradle.launcher.daemon.server.DefaultIncomingConnectionHandler] Finishing executing command: Build{id=16c1208b-ec4a-428b-8ecb-6029c658fcf5, currentDir=/home/klq/Final/opentcs-master}
2026-03-28T14:37:48.480+0800 [DEBUG] [org.gradle.cache.internal.DefaultFileLockManager] Waiting to acquire exclusive lock on daemon addresses registry.
2026-03-28T14:37:48.480+0800 [DEBUG] [org.gradle.cache.internal.DefaultFileLockManager] Lock acquired on daemon addresses registry.
2026-03-28T14:37:48.480+0800 [DEBUG] [org.gradle.launcher.daemon.server.SynchronizedDispatchConnection] thread 32: received class org.gradle.launcher.daemon.protocol.CloseInput
2026-03-28T14:37:48.481+0800 [DEBUG] [org.gradle.launcher.daemon.server.DefaultDaemonConnection] thread 32: Received IO message from client: org.gradle.launcher.daemon.protocol.CloseInput@4ebc95e2
2026-03-28T14:37:48.481+0800 [DEBUG] [org.gradle.cache.internal.DefaultFileLockManager] Releasing lock on daemon addresses registry.
2026-03-28T14:37:48.481+0800 [DEBUG] [org.gradle.launcher.daemon.server.DaemonRegistryUpdater] Address removed from registry.
2026-03-28T14:37:48.526+0800 [DEBUG] [org.gradle.launcher.daemon.server.SynchronizedDispatchConnection] thread 32: received class org.gradle.launcher.daemon.protocol.Finished
2026-03-28T14:37:48.526+0800 [DEBUG] [org.gradle.launcher.daemon.server.DefaultDaemonConnection] thread 32: Received non-IO message from client: org.gradle.launcher.daemon.protocol.Finished@70cc539f
2026-03-28T14:37:48.527+0800 [DEBUG] [org.gradle.launcher.daemon.server.DefaultIncomingConnectionHandler] Received finished message: org.gradle.launcher.daemon.protocol.Finished@70cc539f
2026-03-28T14:37:48.527+0800 [DEBUG] [org.gradle.launcher.daemon.server.SynchronizedDispatchConnection] thread 31: stopping connection
2026-03-28T14:37:48.527+0800 [DEBUG] [org.gradle.internal.remote.internal.inet.SocketConnection] Discarding EOFException: java.io.EOFException
2026-03-28T14:37:48.527+0800 [DEBUG] [org.gradle.launcher.daemon.server.SynchronizedDispatchConnection] thread 32: received null
2026-03-28T14:37:48.527+0800 [DEBUG] [org.gradle.launcher.daemon.server.DefaultDaemonConnection] thread 32: Received end-of-input from client.
2026-03-28T14:37:48.528+0800 [DEBUG] [org.gradle.launcher.daemon.server.SynchronizedDispatchConnection] thread 31: stopping connection
2026-03-28T14:37:48.529+0800 [DEBUG] [org.gradle.cache.internal.LockOnDemandCrossProcessCacheAccess] Releasing file lock for jars (/home/klq/Final/.gradle-local/caches/jars-9)
2026-03-28T14:37:48.530+0800 [DEBUG] [org.gradle.cache.internal.DefaultFileLockManager] Releasing lock on jars (/home/klq/Final/.gradle-local/caches/jars-9).
2026-03-28T14:37:48.530+0800 [DEBUG] [org.gradle.cache.internal.LockOnDemandCrossProcessCacheAccess] Releasing file lock for file content cache (/home/klq/Final/.gradle-local/caches/8.14.4/fileContent)
2026-03-28T14:37:48.531+0800 [DEBUG] [org.gradle.cache.internal.DefaultFileLockManager] Releasing lock on file content cache (/home/klq/Final/.gradle-local/caches/8.14.4/fileContent).
2026-03-28T14:37:48.531+0800 [DEBUG] [org.gradle.internal.watch.vfs.impl.WatchingVirtualFileSystem] Closing VFS, dropping state
2026-03-28T14:37:48.532+0800 [DEBUG] [org.gradle.internal.watch.registry.impl.DefaultFileWatcherRegistry] Finished listening to file system change events
2026-03-28T14:37:48.532+0800 [DEBUG] [org.gradle.cache.internal.DefaultCacheCoordinator] Cache Generated Gradle JARs cache (/home/klq/Final/.gradle-local/caches/8.14.4/generated-gradle-jars) was closed 0 times.
2026-03-28T14:37:48.532+0800 [DEBUG] [org.gradle.cache.internal.LockOnDemandCrossProcessCacheAccess] Releasing file lock for artifact cache (/home/klq/Final/.gradle-local/caches/modules-2)
2026-03-28T14:37:48.533+0800 [DEBUG] [org.gradle.cache.internal.btree.BTreePersistentIndexedCache] Closing cache module-artifact.bin (/home/klq/Final/.gradle-local/caches/modules-2/metadata-2.107/module-artifact.bin)
2026-03-28T14:37:48.533+0800 [DEBUG] [org.gradle.cache.internal.btree.BTreePersistentIndexedCache] Closing cache module-metadata.bin (/home/klq/Final/.gradle-local/caches/modules-2/metadata-2.107/module-metadata.bin)
2026-03-28T14:37:48.533+0800 [DEBUG] [org.gradle.cache.internal.btree.BTreePersistentIndexedCache] Closing cache module-versions.bin (/home/klq/Final/.gradle-local/caches/modules-2/metadata-2.107/module-versions.bin)
2026-03-28T14:37:48.533+0800 [DEBUG] [org.gradle.cache.internal.btree.BTreePersistentIndexedCache] Closing cache resource-at-url.bin (/home/klq/Final/.gradle-local/caches/modules-2/metadata-2.107/resource-at-url.bin)
2026-03-28T14:37:48.533+0800 [DEBUG] [org.gradle.cache.internal.DefaultFileLockManager] Releasing lock on artifact cache (/home/klq/Final/.gradle-local/caches/modules-2).
2026-03-28T14:37:48.533+0800 [DEBUG] [org.gradle.cache.internal.DefaultCacheCoordinator] Cache groovy-dsl (/home/klq/Final/.gradle-local/caches/8.14.4/groovy-dsl) was closed 0 times.
2026-03-28T14:37:48.533+0800 [DEBUG] [org.gradle.cache.internal.DefaultCacheCoordinator] Cache Artifact transforms cache (/home/klq/Final/.gradle-local/caches/8.14.4/transforms) was closed 0 times.
2026-03-28T14:37:48.533+0800 [DEBUG] [org.gradle.cache.internal.LockOnDemandCrossProcessCacheAccess] Releasing file lock for journal cache (/home/klq/Final/.gradle-local/caches/journal-1)
2026-03-28T14:37:48.533+0800 [DEBUG] [org.gradle.cache.internal.btree.BTreePersistentIndexedCache] Closing cache file-access.bin (/home/klq/Final/.gradle-local/caches/journal-1/file-access.bin)
2026-03-28T14:37:48.533+0800 [DEBUG] [org.gradle.cache.internal.DefaultFileLockManager] Releasing lock on journal cache (/home/klq/Final/.gradle-local/caches/journal-1).
2026-03-28T14:37:48.534+0800 [DEBUG] [org.gradle.cache.internal.LockOnDemandCrossProcessCacheAccess] Releasing file lock for file hash cache (/home/klq/Final/.gradle-local/caches/8.14.4/fileHashes)
2026-03-28T14:37:48.534+0800 [DEBUG] [org.gradle.cache.internal.btree.BTreePersistentIndexedCache] Closing cache fileHashes.bin (/home/klq/Final/.gradle-local/caches/8.14.4/fileHashes/fileHashes.bin)
2026-03-28T14:37:48.534+0800 [DEBUG] [org.gradle.cache.internal.btree.BTreePersistentIndexedCache] Closing cache resourceHashesCache.bin (/home/klq/Final/.gradle-local/caches/8.14.4/fileHashes/resourceHashesCache.bin)
2026-03-28T14:37:48.534+0800 [DEBUG] [org.gradle.cache.internal.DefaultFileLockManager] Releasing lock on file hash cache (/home/klq/Final/.gradle-local/caches/8.14.4/fileHashes).
2026-03-28T14:37:48.534+0800 [DEBUG] [org.gradle.internal.operations.DefaultBuildOperationRunner] Build operation 'Deleting unused version-specific caches in /home/klq/Final/.gradle-local/caches' started
2026-03-28T14:37:48.538+0800 [DEBUG] [org.gradle.cache.internal.VersionSpecificCacheCleanupAction] Processed version-specific caches at /home/klq/Final/.gradle-local/caches for cleanup in 0.003 secs
2026-03-28T14:37:48.538+0800 [DEBUG] [org.gradle.internal.operations.DefaultBuildOperationRunner] Completing Build operation 'Deleting unused version-specific caches in /home/klq/Final/.gradle-local/caches'
2026-03-28T14:37:48.539+0800 [DEBUG] [org.gradle.internal.operations.DefaultBuildOperationRunner] Build operation 'Deleting unused version-specific caches in /home/klq/Final/.gradle-local/caches' completed
2026-03-28T14:37:48.539+0800 [DEBUG] [org.gradle.internal.operations.DefaultBuildOperationRunner] Build operation 'Deleting unused Gradle distributions in /home/klq/Final/.gradle-local/wrapper/dists' started
2026-03-28T14:37:48.540+0800 [DEBUG] [org.gradle.internal.operations.DefaultBuildOperationRunner] Completing Build operation 'Deleting unused Gradle distributions in /home/klq/Final/.gradle-local/wrapper/dists'
2026-03-28T14:37:48.540+0800 [DEBUG] [org.gradle.internal.operations.DefaultBuildOperationRunner] Build operation 'Deleting unused Gradle distributions in /home/klq/Final/.gradle-local/wrapper/dists' completed
2026-03-28T14:37:48.540+0800 [DEBUG] [org.gradle.launcher.daemon.server.Daemon] stop() called on daemon
2026-03-28T14:37:48.540+0800 [INFO] [org.gradle.launcher.daemon.server.Daemon] Stop requested. Daemon is removing its presence from the registry...
2026-03-28T14:37:48.540+0800 [DEBUG] [org.gradle.launcher.daemon.server.DaemonRegistryUpdater] Removing our presence to clients, eg. removing this address from the registry: [058d7570-9c9d-4bbd-8b97-7bce3f3bf041 port:39838, addresses:[localhost/127.0.0.1]]
2026-03-28T14:37:48.540+0800 [DEBUG] [org.gradle.launcher.daemon.registry.PersistentDaemonRegistry] Removing daemon address: [058d7570-9c9d-4bbd-8b97-7bce3f3bf041 port:39838, addresses:[localhost/127.0.0.1]]
2026-03-28T14:37:48.540+0800 [DEBUG] [org.gradle.cache.internal.DefaultFileLockManager] Waiting to acquire exclusive lock on daemon addresses registry.
2026-03-28T14:37:48.540+0800 [DEBUG] [org.gradle.cache.internal.DefaultFileLockManager] Lock acquired on daemon addresses registry.
2026-03-28T14:37:48.541+0800 [DEBUG] [org.gradle.cache.internal.DefaultFileLockManager] Releasing lock on daemon addresses registry.
2026-03-28T14:37:48.541+0800 [DEBUG] [org.gradle.launcher.daemon.server.DaemonRegistryUpdater] Address removed from registry.
2026-03-28T14:37:48.541+0800 [DEBUG] [org.gradle.cache.internal.locklistener.DefaultFileLockContentionHandler] File lock listener thread completed.
2026-03-28T14:37:48.542+0800 [DEBUG] [java.lang.Runtime] Runtime.exit() called with status: 0
java.lang.Throwable: Runtime.exit(0)
	at java.base/java.lang.Shutdown.logRuntimeExit(Shutdown.java:179)
	at java.base/java.lang.Shutdown.exit(Shutdown.java:160)
	at java.base/java.lang.Runtime.exit(Runtime.java:188)
	at java.base/java.lang.System.exit(System.java:1920)
	at org.gradle.launcher.bootstrap.ProcessCompleter.complete(ProcessCompleter.java:21)
	at org.gradle.launcher.bootstrap.EntryPoint.run(EntryPoint.java:61)
	at java.base/jdk.internal.reflect.DirectMethodHandleAccessor.invoke(DirectMethodHandleAccessor.java:103)
	at java.base/java.lang.reflect.Method.invoke(Method.java:580)
	at org.gradle.launcher.bootstrap.ProcessBootstrap.runNoExit(ProcessBootstrap.java:72)
	at org.gradle.launcher.bootstrap.ProcessBootstrap.run(ProcessBootstrap.java:39)
	at org.gradle.launcher.daemon.bootstrap.GradleDaemon.main(GradleDaemon.java:22)
2026-03-28T14:37:48.543+0800 [DEBUG] [org.gradle.launcher.daemon.registry.PersistentDaemonRegistry] Removing daemon address: [058d7570-9c9d-4bbd-8b97-7bce3f3bf041 port:39838, addresses:[localhost/127.0.0.1]]
Daemon vm is shutting down... The daemon has exited normally or was terminated in response to a user interrupt.
2026-03-28T14:37:48.543+0800 [DEBUG] [org.gradle.launcher.daemon.server.Daemon] VM shutdown hook was unable to remove the daemon address from the registry. It will be cleaned up later.
java.lang.IllegalStateException: Cannot start managing file contention because this handler has been closed.
	at org.gradle.cache.internal.locklistener.DefaultFileLockContentionHandler.assertNotStopped(DefaultFileLockContentionHandler.java:248)
	at org.gradle.cache.internal.locklistener.DefaultFileLockContentionHandler.reservePort(DefaultFileLockContentionHandler.java:286)
	at org.gradle.cache.internal.DefaultFileLockManager.lock(DefaultFileLockManager.java:124)
	at org.gradle.cache.internal.DefaultFileLockManager.lock(DefaultFileLockManager.java:106)
	at org.gradle.cache.internal.DefaultFileLockManager.lock(DefaultFileLockManager.java:101)
	at org.gradle.cache.internal.OnDemandFileAccess.updateFile(OnDemandFileAccess.java:51)
	at org.gradle.cache.internal.FileBackedObjectHolder.update(FileBackedObjectHolder.java:77)
	at org.gradle.cache.internal.FileIntegrityViolationSuppressingObjectHolderDecorator.lambda$update$0(FileIntegrityViolationSuppressingObjectHolderDecorator.java:48)
	at org.gradle.cache.internal.FileIntegrityViolationSuppressingObjectHolderDecorator.doUpdate(FileIntegrityViolationSuppressingObjectHolderDecorator.java:58)
	at org.gradle.cache.internal.FileIntegrityViolationSuppressingObjectHolderDecorator.update(FileIntegrityViolationSuppressingObjectHolderDecorator.java:48)
	at org.gradle.launcher.daemon.registry.PersistentDaemonRegistry.remove(PersistentDaemonRegistry.java:133)
	at org.gradle.launcher.daemon.server.Daemon$1.run(Daemon.java:133)
	at java.base/java.lang.Thread.run(Thread.java:1583)
